0 info it worked if it ends with ok
1 verbose cli [ '/nfs/zfs-student-6/users/sasiedu/.brew/Cellar/node/7.2.1/bin/node',
1 verbose cli   '/nfs/zfs-student-6/users/sasiedu/.brew/bin/npm',
1 verbose cli   'run',
1 verbose cli   'server2' ]
2 info using npm@4.0.5
3 info using node@v7.2.1
4 verbose run-script [ 'preserver2', 'server2', 'postserver2' ]
5 info lifecycle hyperTube@0.0.0~preserver2: hyperTube@0.0.0
6 silly lifecycle hyperTube@0.0.0~preserver2: no script for preserver2, continuing
7 info lifecycle hyperTube@0.0.0~server2: hyperTube@0.0.0
8 verbose lifecycle hyperTube@0.0.0~server2: unsafe-perm in lifecycle true
9 verbose lifecycle hyperTube@0.0.0~server2: PATH: /nfs/zfs-student-6/users/sasiedu/.brew/lib/node_modules/npm/bin/node-gyp-bin:/nfs/zfs-student-6/users/sasiedu/Desktop/hypertube/node_modules/.bin:/nfs/zfs-student-6/users/sasiedu/.brew/bin:/usr/local/bin:/usr/bin:/bin:/usr/sbin:/sbin:/opt/X11/bin:/usr/local/munki
10 verbose lifecycle hyperTube@0.0.0~server2: CWD: /nfs/zfs-student-6/users/sasiedu/Desktop/hypertube
11 silly lifecycle hyperTube@0.0.0~server2: Args: [ '-c', 'node ./server2/bin/www' ]
12 silly lifecycle hyperTube@0.0.0~server2: Returned: code: 1  signal: null
13 info lifecycle hyperTube@0.0.0~server2: Failed to exec server2 script
14 verbose stack Error: hyperTube@0.0.0 server2: `node ./server2/bin/www`
14 verbose stack Exit status 1
14 verbose stack     at EventEmitter.<anonymous> (/nfs/zfs-student-6/users/sasiedu/.brew/lib/node_modules/npm/lib/utils/lifecycle.js:279:16)
14 verbose stack     at emitTwo (events.js:106:13)
14 verbose stack     at EventEmitter.emit (events.js:191:7)
14 verbose stack     at ChildProcess.<anonymous> (/nfs/zfs-student-6/users/sasiedu/.brew/lib/node_modules/npm/lib/utils/spawn.js:40:14)
14 verbose stack     at emitTwo (events.js:106:13)
14 verbose stack     at ChildProcess.emit (events.js:191:7)
14 verbose stack     at maybeClose (internal/child_process.js:885:16)
14 verbose stack     at Process.ChildProcess._handle.onexit (internal/child_process.js:226:5)
15 verbose pkgid hyperTube@0.0.0
16 verbose cwd /nfs/zfs-student-6/users/sasiedu/Desktop/hypertube
17 error Darwin 15.6.0
18 error argv "/nfs/zfs-student-6/users/sasiedu/.brew/Cellar/node/7.2.1/bin/node" "/nfs/zfs-student-6/users/sasiedu/.brew/bin/npm" "run" "server2"
19 error node v7.2.1
20 error npm  v4.0.5
21 error code ELIFECYCLE
22 error hyperTube@0.0.0 server2: `node ./server2/bin/www`
22 error Exit status 1
23 error Failed at the hyperTube@0.0.0 server2 script 'node ./server2/bin/www'.
23 error Make sure you have the latest version of node.js and npm installed.
23 error If you do, this is most likely a problem with the hyperTube package,
23 error not with npm itself.
23 error Tell the author that this fails on your system:
23 error     node ./server2/bin/www
23 error You can get information on how to open an issue for this project with:
23 error     npm bugs hyperTube
23 error Or if that isn't available, you can get their info via:
23 error     npm owner ls hyperTube
23 error There is likely additional logging output above.
24 verbose exit [ 1, true ]
